--------------------------------------------------------------------------------
Release 11.1 Trace  (lin64)
Copyright (c) 1995-2009 Xilinx, Inc.  All rights reserved.

/mnt/cad/Xilinx/11.1/ISE/bin/lin64/unwrapped/trce -ise
/home/oneseg13/oneseg/day1/rtl/HelloWorld/HelloWorld.ise -intstyle ise -v 3 -s
1 -fastpaths -xml lcd.twx lcd.ncd -o lcd.twr lcd.pcf -ucf lcd.ucf

Design file:              lcd.ncd
Physical constraint file: lcd.pcf
Device,package,speed:     xc5vlx50,ff676,-1 (PRODUCTION 1.66 2009-08-24, STEPPING level 0)
Report level:             verbose report

Environment Variable      Effect 
--------------------      ------ 
NONE                      No environment variables were set
--------------------------------------------------------------------------------

INFO:Timing:2698 - No timing constraints found, doing default enumeration.
INFO:Timing:2752 - To get complete path coverage, use the unconstrained paths 
   option. All paths that are not constrained will be reported in the 
   unconstrained paths section(s) of the report.
INFO:Timing:3339 - The clock-to-out numbers in this timing report are based on 
   a 50 Ohm transmission line loading model.  For the details of this model, 
   and for more information on accounting for different loading conditions, 
   please see the device datasheet.



Data Sheet report:
-----------------
All values displayed in nanoseconds (ns)

Setup/Hold to clock CLK
------------+------------+------------+------------------+--------+
            |Max Setup to|Max Hold to |                  | Clock  |
Source      | clk (edge) | clk (edge) |Internal Clock(s) | Phase  |
------------+------------+------------+------------------+--------+
LCD_DATA<3> |   -0.143(R)|    2.116(R)|CLK_BUFGP         |   0.000|
char<0>     |    0.819(R)|    1.419(R)|CLK_BUFGP         |   0.000|
char<1>     |    0.955(R)|    1.261(R)|CLK_BUFGP         |   0.000|
char<2>     |    0.826(R)|    1.414(R)|CLK_BUFGP         |   0.000|
char<3>     |    0.937(R)|    1.277(R)|CLK_BUFGP         |   0.000|
char<4>     |    1.087(R)|    1.185(R)|CLK_BUFGP         |   0.000|
char<5>     |    0.994(R)|    1.232(R)|CLK_BUFGP         |   0.000|
char<6>     |    1.827(R)|    1.048(R)|CLK_BUFGP         |   0.000|
char<7>     |    1.450(R)|    1.193(R)|CLK_BUFGP         |   0.000|
col<0>      |    1.053(R)|    1.462(R)|CLK_BUFGP         |   0.000|
col<1>      |    1.380(R)|    1.422(R)|CLK_BUFGP         |   0.000|
col<2>      |    1.064(R)|    1.314(R)|CLK_BUFGP         |   0.000|
col<3>      |    1.401(R)|    1.387(R)|CLK_BUFGP         |   0.000|
row         |    0.936(R)|    1.528(R)|CLK_BUFGP         |   0.000|
update      |    1.218(R)|    2.013(R)|CLK_BUFGP         |   0.000|
we          |    0.785(R)|    1.738(R)|CLK_BUFGP         |   0.000|
------------+------------+------------+------------------+--------+

Clock CLK to Pad
------------+------------+------------------+--------+
            | clk (edge) |                  | Clock  |
Destination |   to PAD   |Internal Clock(s) | Phase  |
------------+------------+------------------+--------+
EN          |    8.897(R)|CLK_BUFGP         |   0.000|
LCD_DATA<0> |    9.676(R)|CLK_BUFGP         |   0.000|
LCD_DATA<1> |    9.681(R)|CLK_BUFGP         |   0.000|
LCD_DATA<2> |    9.622(R)|CLK_BUFGP         |   0.000|
LCD_DATA<3> |    9.742(R)|CLK_BUFGP         |   0.000|
RS          |    8.896(R)|CLK_BUFGP         |   0.000|
RW          |    8.913(R)|CLK_BUFGP         |   0.000|
busy        |   11.022(R)|CLK_BUFGP         |   0.000|
------------+------------+------------------+--------+

Clock to Setup on destination clock CLK
---------------+---------+---------+---------+---------+
               | Src:Rise| Src:Fall| Src:Rise| Src:Fall|
Source Clock   |Dest:Rise|Dest:Rise|Dest:Fall|Dest:Fall|
---------------+---------+---------+---------+---------+
CLK            |    4.161|         |         |         |
---------------+---------+---------+---------+---------+


Analysis completed Tue Dec  3 14:09:36 2013 
--------------------------------------------------------------------------------

Trace Settings:
-------------------------
Trace Settings 

Peak Memory Usage: 396 MB



